No   IGT            Start RTA      End RTA        Length     Retime?    Reason / Notice
2    15:33:21.707   98:12:16.885   98:12:33.042   16.157     16.157     Paused by player, Unpause by player
0    15:33:47.007   98:12:58.357   98:13:00.446   2.089                 Paused by player, Unpause by rendered
1    15:34:04.149   98:13:17.616   98:13:18.067   0.451      0.451      Paused by player, Unpause by player
2    15:34:12.049   98:13:25.980   98:13:38.218   12.238     12.238     Paused by player, Unpause by player
0    15:34:22.499   98:13:48.673   98:13:50.791   2.118                 Paused by player, Unpause by rendered
1    15:35:17.093   98:14:45.425   98:14:48.694   3.269      3.269      Paused by player, Unpause by player
2    15:35:21.593   98:14:53.223   98:18:37.946   224.723    224.723    Paused by player, Unpause by player
3    15:35:29.443   98:18:45.805   98:18:58.446   12.641     12.641     Paused by player, Unpause by player
4    15:35:50.293   98:19:19.308   98:19:49.055   29.747     29.747     Paused by player, Unpause by player
5    15:37:26.193   98:21:24.934   98:21:48.744   23.810     23.810     Paused by player, Unpause by player
6    15:37:32.893   98:21:55.428   98:22:37.203   41.775     41.775     Paused by player, Unpause by player
7    15:38:25.743   98:23:30.063   98:24:10.478   40.415     40.415     Paused by player, Unpause by player
8    15:38:30.893   98:24:15.640   98:25:36.044   80.404     80.404     Paused by player, Unpause by player
9    15:38:32.743   98:25:37.818   98:25:45.221   7.403      7.403      Paused by player, Unpause by player
10   15:39:04.893   98:26:17.382   98:27:15.777   58.395     58.395     Paused by player, Unpause by player
0    15:39:22.293   98:27:33.174   98:27:35.352   2.178                 Paused by player, Unpause by rendered
1    15:40:38.285   98:28:51.357   98:29:48.768   57.411     57.411     Paused by player, Unpause by player
0    15:40:44.235   98:29:54.704   98:29:56.763   2.059                 Paused by player, Unpause by rendered
1    15:41:15.273   98:30:27.839   98:31:19.239   51.400     51.400     Paused by player, Unpause by player
0    15:41:16.573   98:31:20.566   98:31:22.493   1.927                 Paused by player, Unpause by rendered
1    15:44:41.755   98:34:47.694   98:34:59.173   11.479     11.479     Paused by player, Unpause by player
2    15:45:20.805   98:35:38.207   98:35:39.222   1.015      1.015      Paused by player, Unpause by player
3    15:45:26.305   98:35:44.716   98:36:02.536   17.820     17.820     Paused by player, Unpause by player
4    15:46:28.805   98:37:05.058   98:37:17.007   11.949     6.949      Paused by player, Unpause by player / changed options (2)
1    15:47:42.055   00:00.000      98:40:02.035   355202.035            Paused by dimension load?, Unpause by changed look direction
0    15:47:44.763   98:40:04.734   98:52:27.697   742.963               Paused by player, Unpause by rendered
1    15:47:53.854   98:52:36.832   98:56:00.491   203.659    203.659    Paused by player, Unpause by player
0    15:48:00.454   98:56:07.094   98:58:54.178   167.084               Paused by player, Unpause by rendered
1    15:50:05.350   99:00:59.086   99:01:40.870   41.784     41.784     Paused by player, Unpause by player
2    15:50:10.300   99:01:45.783   99:13:06.473   680.690    680.690    Paused by player, Unpause by player
3    15:50:11.400   99:13:07.585   99:13:13.631   6.046      6.046      Paused by player, Unpause by player
4    15:50:12.250   99:13:14.501   99:13:24.448   9.947      9.947      Paused by player, Unpause by player
5    15:50:13.200   99:13:25.385   99:13:25.758   0.373      0.373      Paused by player, Unpause by player
6    15:50:24.100   99:13:36.650   99:13:38.097   1.447      1.447      Paused by player, Unpause by player
0    15:52:46.800   99:16:00.807   99:16:03.429   2.622                 Paused by player, Unpause by rendered
1    15:53:11.550   99:16:28.207   99:16:29.405   1.198      1.198      Paused by player, Unpause by player
0    15:56:29.550   99:19:47.397   99:59:36.465   2389.068              Paused by player, Unpause by rendered
1    16:05:54.335   100:09:01.265  100:55:47.248  2805.983   2805.983   Paused by player, Unpause by player
0    16:05:55.885   100:55:48.809  100:55:51.846  3.037                 Paused by player, Unpause by rendered
1    16:06:05.676   100:56:01.651  100:56:12.037  10.386     10.386     Paused by player, Unpause by player
2    16:06:19.226   100:56:25.608  101:11:49.973  924.365    924.365    Paused by player, Unpause by player
0    16:06:21.776   101:11:52.534  101:11:54.481  1.947                 Paused by player, Unpause by rendered
1    16:07:24.710   101:12:57.431  101:12:57.766  0.335      0.335      Paused by player, Unpause by player
2    16:08:20.160   101:13:53.242  101:14:01.630  8.388      8.388      Paused by player, Unpause by player
0    16:09:19.010   101:15:00.508  101:15:02.632  2.124                 Paused by player, Unpause by changed look direction
1    16:12:32.416   101:18:16.018  101:18:19.907  3.889      3.889      Paused by player, Unpause by player
2    16:23:43.316   101:29:30.815  101:30:28.578  57.763     57.763     Paused by player, Unpause by player
3    16:40:35.866   101:47:21.120  101:47:21.530  0.410      0.410      Paused by player, Unpause by player
0    16:40:36.816   101:47:22.519  118:29:48.276  60145.757             Paused by player, Unpause by changed look direction
1    16:42:36.370   118:31:47.681  118:31:58.519  10.838     10.838     Paused by player, Unpause by player
2    16:47:14.770   118:36:36.903  118:40:42.366  245.463    245.463    Paused by player, Unpause by player
0    16:47:16.620   118:40:44.211  118:40:50.044  5.833                 Paused by player, Unpause by rendered
0    16:52:52.862   118:46:26.314  118:46:28.619  2.305                 Paused by player, Unpause by rendered
1    16:53:14.703   118:46:50.480  118:47:11.077  20.597     20.597     Paused by player, Unpause by player
0    16:58:52.353   118:52:48.738  118:54:36.726  107.988               Paused by player, Unpause by rendered
1    17:00:42.296   118:56:26.682  118:56:27.055  0.373      0.373      Paused by player, Unpause by player
2    17:01:28.596   118:57:13.342  118:57:19.619  6.277      6.277      Paused by player, Unpause by player
0    17:09:43.046   119:05:34.072  119:05:36.791  2.719                 Paused by player, Unpause by changed look direction
1    17:10:04.548   119:05:58.338  119:09:52.166  233.828    233.828    Paused by player, Unpause by player
0    17:10:07.198   119:09:54.777  119:09:56.914  2.137                 Paused by player, Unpause by rendered
1    17:11:08.188   119:10:57.908  119:11:01.447  3.539      3.539      Paused by player, Unpause by player
0    17:12:48.788   119:12:42.053  119:45:26.120  1964.067              Paused by player, Unpause by rendered
0    17:30:15.373   120:02:52.691  120:02:54.586  1.895                 Paused by player, Unpause by rendered
1    17:33:11.635   120:05:50.851  120:06:45.748  54.897     54.897     Paused by player, Unpause by player
2    17:33:34.735   120:07:08.806  120:15:39.535  510.729    510.729    Paused by player, Unpause by player
0    17:33:37.685   120:15:42.514  120:28:49.730  787.216               Paused by player, Unpause by rendered
1    17:37:28.852   120:32:40.923  120:32:41.020  0.097      0.097      Paused by player, Unpause by player
2    17:37:29.302   120:32:41.455  120:33:20.534  39.079     39.079     Paused by player, Unpause by player
3    17:49:30.952   120:45:22.168  120:45:45.531  23.363     23.363     Paused by player, Unpause by player
4    17:52:34.052   120:48:48.644  120:48:51.757  3.113      3.113      Paused by player, Unpause by player
0    17:55:41.352   120:51:59.057  120:52:01.248  2.191                 Paused by player, Unpause by changed look direction
1    17:56:03.604   120:52:23.508  120:52:26.373  2.865      2.865      Paused by player, Unpause by player
2    17:56:05.654   120:52:28.435  120:52:28.989  0.554      0.554      Paused by player, Unpause by player
3    17:56:06.454   120:52:29.753  120:52:30.782  1.029      1.029      Paused by player, Unpause by player
4    17:57:36.054   120:54:00.402  120:54:48.001  47.599     47.599     Paused by player, Unpause by player
5    17:58:16.004   120:55:27.967  121:02:39.939  431.972    431.972    Paused by player, Unpause by player
0    17:58:18.554   121:02:42.495  121:02:44.694  2.199                 Paused by player, Unpause by rendered
1    17:58:22.429   121:02:48.566  121:03:06.749  18.183     18.183     Paused by player, Unpause by player
0    18:12:08.329   121:16:52.687  121:16:54.583  1.896                 Paused by player, Unpause by changed look direction
0    18:12:10.131   121:16:56.370  121:16:59.074  2.704                 Paused by player, Unpause by rendered
1    18:12:13.933   121:17:02.859  121:28:33.727  690.868    690.868    Paused by player, Unpause by player
2    18:12:16.983   121:28:36.773  121:28:37.107  0.334      0.334      Paused by player, Unpause by player
0    18:12:20.033   121:28:40.142  121:28:41.951  1.809                 Paused by player, Unpause by changed look direction
1    18:12:35.788   121:28:57.686  121:28:58.178  0.492      0.492      Paused by player, Unpause by player
2    18:12:37.138   121:28:59.524  121:35:39.984  400.460    400.460    Paused by player, Unpause by player
0    18:12:44.638   121:35:47.458  121:35:49.654  2.196                 Paused by player, Unpause by rendered
1    18:13:02.520   121:36:07.529  121:36:35.192  27.663     27.663     Paused by player, Unpause by player
0    18:14:09.120   121:37:41.794  121:37:43.993  2.199                 Paused by player, Unpause by rendered
1    18:14:11.777   121:37:46.673  121:38:11.528  24.855     24.855     Paused by player, Unpause by player
0    18:19:04.877   121:43:04.647  121:43:07.143  2.496                 Paused by player, Unpause by rendered
1    18:19:32.354   121:43:34.628  121:43:36.042  1.414      1.414      Paused by player, Unpause by player
2    18:19:39.054   121:43:42.743  121:43:56.184  13.441     13.441     Paused by player, Unpause by player
3    18:22:10.004   121:46:27.092  121:46:27.155  0.063      0.063      Paused by player, Unpause by player
0    18:22:10.404   121:46:27.569  121:46:30.700  3.131                 Paused by player, Unpause by changed look direction
1    18:22:44.161   121:47:04.436  121:49:57.445  173.009    173.009    Paused by player, Unpause by player
0    18:22:45.361   121:49:58.623  121:50:01.044  2.421                 Paused by player, Unpause by changed look direction
1    18:22:56.118   121:50:11.818  121:50:12.403  0.585      0.585      Paused by player, Unpause by player
2    18:22:58.068   121:50:14.354  121:51:38.661  84.307     84.307     Paused by player, Unpause by player
0    18:22:59.768   121:51:40.343  121:51:42.416  2.073                 Paused by player, Unpause by rendered
1    18:23:08.993   121:51:51.670  121:56:33.379  281.709    281.709    Paused by player, Unpause by player
