rsg.obtain_crying_obsidian 355202034 56862055
rsg.obtain_lava_bucket 355202034 56862055
rsg.obtain_iron_pickaxe 355202035 56862055
rsg.obtain_obsidian 355202035 56862055
rsg.obtain_iron_ingot 355202035 56862055
common.enable_cheats 355202035 56862055
common.leave_world 355205110 56864763
common.rejoin_world 355946925 56864763
common.leave_world 356167508 56880454
common.rejoin_world 356333390 56880454
common.leave_world 357361269 57166800
common.rejoin_world 357362650 57166800
common.leave_world 357590979 57389550
common.rejoin_world 359975655 57389550
common.leave_world 363349348 57955885
common.rejoin_world 363351018 57955885
common.leave_world 364312791 57981776
common.rejoin_world 364313703 57981776
common.leave_world 364500780 58159010
common.rejoin_world 364501760 58159010
common.leave_world 366443231 60036816
common.rejoin_world 426585955 60036816
common.leave_world 427244679 60436620
common.rejoin_world 427249173 60436620
common.leave_world 427586721 60772862
common.rejoin_world 427587791 60772862
common.leave_world 427969106 61132353
common.rejoin_world 428075867 61132353
common.leave_world 428734579 61783046
common.rejoin_world 428735984 61783046
common.leave_world 428995108 61807198
common.rejoin_world 428996098 61807198
common.leave_world 429162540 61968788
common.rejoin_world 431125314 61968788
common.leave_world 432173009 63015373
common.rejoin_world 432173813 63015373
common.leave_world 432942850 63217685
common.rejoin_world 433728925 63217685
common.leave_world 435119301 64541352
common.rejoin_world 435120449 64541352
common.leave_world 435762836 64698554
common.rejoin_world 435763855 64698554
common.leave_world 436612970 65528329
common.rejoin_world 436613785 65528329
common.leave_world 436616677 65530131
common.rejoin_world 436618223 65530131
common.leave_world 437320363 65540033
common.rejoin_world 437321162 65540033
common.leave_world 437747795 65564638
common.rejoin_world 437748860 65564638
common.leave_world 437862089 65649120
common.rejoin_world 437863165 65649120
common.leave_world 438185350 65944877
common.rejoin_world 438186338 65944877
common.leave_world 438388639 66130404
common.rejoin_world 438389885 66130404
common.leave_world 438599196 66165361
common.rejoin_world 438600259 66165361
common.leave_world 438700696 66179768
common.rejoin_world 438701623 66179768
common.leave_world 438995791 66191093
common.rejoin_world 438996597 66191093
common.leave_world 439712993 66906418
common.rejoin_world 468113421 66906418
common.leave_world 468944512 67725660
